2018-05-08 07:10:37.444  INFO Krishnass-MacBook-Pro.local --- [           main] c.l.c.FlightSearchApplication            : Starting FlightSearchApplication on Krishnass-MacBook-Pro.local with PID 9707 (/Users/krishnasfamily/Documents/GitHub/LUKKIEN_Assignment/build/classes/java/main started by krishnasfamily in /Users/krishnasfamily/Documents/GitHub/LUKKIEN_Assignment)
2018-05-08 07:10:37.450 DEBUG Krishnass-MacBook-Pro.local --- [           main] c.l.c.FlightSearchApplication            : Running with Spring Boot v2.0.1.RELEASE, Spring v5.0.5.RELEASE
2018-05-08 07:10:37.450  INFO Krishnass-MacBook-Pro.local --- [           main] c.l.c.FlightSearchApplication            : No active profile set, falling back to default profiles: default
2018-05-08 07:10:37.542  INFO Krishnass-MacBook-Pro.local --- [           main] ConfigServletWebServerApplicationContext : Refreshing org.springframework.boot.web.servlet.context.AnnotationConfigServletWebServerApplicationContext@65b3f4a4: startup date [Tue May 08 07:10:37 IST 2018]; root of context hierarchy
2018-05-08 07:10:40.506  INFO Krishnass-MacBook-Pro.local --- [           main] o.s.b.w.e.t.TomcatWebServer              : Tomcat initialized with port(s): 8080 (http)
2018-05-08 07:10:40.550  INFO Krishnass-MacBook-Pro.local --- [           main] o.a.c.h.Http11NioProtocol                : Initializing ProtocolHandler ["http-nio-8080"]
2018-05-08 07:10:40.576  INFO Krishnass-MacBook-Pro.local --- [           main] o.a.c.c.StandardService                  : Starting service [Tomcat]
2018-05-08 07:10:40.577  INFO Krishnass-MacBook-Pro.local --- [           main] o.a.c.c.StandardEngine                   : Starting Servlet Engine: Apache Tomcat/8.5.29
2018-05-08 07:10:40.590  INFO Krishnass-MacBook-Pro.local --- [ost-startStop-1] o.a.c.c.AprLifecycleListener             : The APR based Apache Tomcat Native library which allows optimal performance in production environments was not found on the java.library.path: [/Users/krishnasfamily/Library/Java/Extensions:/Library/Java/Extensions:/Network/Library/Java/Extensions:/System/Library/Java/Extensions:/usr/lib/java:.]
2018-05-08 07:10:40.843  INFO Krishnass-MacBook-Pro.local --- [ost-startStop-1] o.a.j.s.TldScanner                       : At least one JAR was scanned for TLDs yet contained no TLDs. Enable debug logging for this logger for a complete list of JARs that were scanned but no TLDs were found in them. Skipping unneeded JARs during scanning can improve startup time and JSP compilation time.
2018-05-08 07:10:40.848  INFO Krishnass-MacBook-Pro.local --- [ost-startStop-1] o.a.c.c.C.[.[.[/]                        : Initializing Spring embedded WebApplicationContext
2018-05-08 07:10:40.849  INFO Krishnass-MacBook-Pro.local --- [ost-startStop-1] o.s.w.c.ContextLoader                    : Root WebApplicationContext: initialization completed in 3311 ms
2018-05-08 07:10:41.871  INFO Krishnass-MacBook-Pro.local --- [ost-startStop-1] o.s.b.w.s.ServletRegistrationBean        : Servlet dispatcherServlet mapped to [/]
2018-05-08 07:10:41.876  INFO Krishnass-MacBook-Pro.local --- [ost-startStop-1] o.s.b.w.s.FilterRegistrationBean         : Mapping filter: 'characterEncodingFilter' to: [/*]
2018-05-08 07:10:41.877  INFO Krishnass-MacBook-Pro.local --- [ost-startStop-1] o.s.b.w.s.FilterRegistrationBean         : Mapping filter: 'hiddenHttpMethodFilter' to: [/*]
2018-05-08 07:10:41.877  INFO Krishnass-MacBook-Pro.local --- [ost-startStop-1] o.s.b.w.s.FilterRegistrationBean         : Mapping filter: 'httpPutFormContentFilter' to: [/*]
2018-05-08 07:10:41.877  INFO Krishnass-MacBook-Pro.local --- [ost-startStop-1] o.s.b.w.s.FilterRegistrationBean         : Mapping filter: 'requestContextFilter' to: [/*]
2018-05-08 07:10:41.877  INFO Krishnass-MacBook-Pro.local --- [ost-startStop-1] o.s.b.w.s.FilterRegistrationBean         : Mapping filter: 'httpTraceFilter' to: [/*]
2018-05-08 07:10:41.877  INFO Krishnass-MacBook-Pro.local --- [ost-startStop-1] o.s.b.w.s.FilterRegistrationBean         : Mapping filter: 'webMvcMetricsFilter' to: [/*]
2018-05-08 07:10:42.037  INFO Krishnass-MacBook-Pro.local --- [           main] o.s.w.s.h.SimpleUrlHandlerMapping        : Mapped URL path [/**/favicon.ico] onto handler of type [class org.springframework.web.servlet.resource.ResourceHttpRequestHandler]
2018-05-08 07:10:42.298  INFO Krishnass-MacBook-Pro.local --- [           main] s.w.s.m.m.a.RequestMappingHandlerAdapter : Looking for @ControllerAdvice: org.springframework.boot.web.servlet.context.AnnotationConfigServletWebServerApplicationContext@65b3f4a4: startup date [Tue May 08 07:10:37 IST 2018]; root of context hierarchy
2018-05-08 07:10:42.396  INFO Krishnass-MacBook-Pro.local --- [           main] s.w.s.m.m.a.RequestMappingHandlerMapping : Mapped "{[/welcome]}" onto public org.springframework.web.servlet.ModelAndView com.lukkien.controller.FlightSearchController.homePage()
2018-05-08 07:10:42.398  INFO Krishnass-MacBook-Pro.local --- [           main] s.w.s.m.m.a.RequestMappingHandlerMapping : Mapped "{[/getResults],methods=[GET]}" onto public java.util.List<com.lukkien.dto.FlightResultsDto> com.lukkien.controller.FlightSearchController.getResults(com.lukkien.model.Airport,com.lukkien.model.Airport)
2018-05-08 07:10:42.398  INFO Krishnass-MacBook-Pro.local --- [           main] s.w.s.m.m.a.RequestMappingHandlerMapping : Mapped "{[/getAirportNames],methods=[GET || POST]}" onto public java.util.List<java.lang.String> com.lukkien.controller.FlightSearchController.getAirportNames(java.lang.String)
2018-05-08 07:10:42.403  INFO Krishnass-MacBook-Pro.local --- [           main] s.w.s.m.m.a.RequestMappingHandlerMapping : Mapped "{[/error]}" onto public org.springframework.http.ResponseEntity<java.util.Map<java.lang.String, java.lang.Object>> org.springframework.boot.autoconfigure.web.servlet.error.BasicErrorController.error(javax.servlet.http.HttpServletRequest)
2018-05-08 07:10:42.404  INFO Krishnass-MacBook-Pro.local --- [           main] s.w.s.m.m.a.RequestMappingHandlerMapping : Mapped "{[/error],produces=[text/html]}" onto public org.springframework.web.servlet.ModelAndView org.springframework.boot.autoconfigure.web.servlet.error.BasicErrorController.errorHtml(javax.servlet.http.HttpServletRequest,javax.servlet.http.HttpServletResponse)
2018-05-08 07:10:42.442  INFO Krishnass-MacBook-Pro.local --- [           main] o.s.w.s.h.SimpleUrlHandlerMapping        : Mapped URL path [/webjars/**] onto handler of type [class org.springframework.web.servlet.resource.ResourceHttpRequestHandler]
2018-05-08 07:10:42.443  INFO Krishnass-MacBook-Pro.local --- [           main] o.s.w.s.h.SimpleUrlHandlerMapping        : Mapped URL path [/**] onto handler of type [class org.springframework.web.servlet.resource.ResourceHttpRequestHandler]
2018-05-08 07:10:42.812  INFO Krishnass-MacBook-Pro.local --- [           main] o.s.b.a.e.w.EndpointLinksResolver        : Exposing 2 endpoint(s) beneath base path '/actuator'
2018-05-08 07:10:42.844  INFO Krishnass-MacBook-Pro.local --- [           main] s.b.a.e.w.s.WebMvcEndpointHandlerMapping : Mapped "{[/actuator/health],methods=[GET],produces=[application/vnd.spring-boot.actuator.v2+json || application/json]}" onto public java.lang.Object org.springframework.boot.actuate.endpoint.web.servlet.AbstractWebMvcEndpointHandlerMapping$OperationHandler.handle(javax.servlet.http.HttpServletRequest,java.util.Map<java.lang.String, java.lang.String>)
2018-05-08 07:10:42.845  INFO Krishnass-MacBook-Pro.local --- [           main] s.b.a.e.w.s.WebMvcEndpointHandlerMapping : Mapped "{[/actuator/info],methods=[GET],produces=[application/vnd.spring-boot.actuator.v2+json || application/json]}" onto public java.lang.Object org.springframework.boot.actuate.endpoint.web.servlet.AbstractWebMvcEndpointHandlerMapping$OperationHandler.handle(javax.servlet.http.HttpServletRequest,java.util.Map<java.lang.String, java.lang.String>)
2018-05-08 07:10:42.846  INFO Krishnass-MacBook-Pro.local --- [           main] s.b.a.e.w.s.WebMvcEndpointHandlerMapping : Mapped "{[/actuator],methods=[GET],produces=[application/vnd.spring-boot.actuator.v2+json || application/json]}" onto protected java.util.Map<java.lang.String, java.util.Map<java.lang.String, org.springframework.boot.actuate.endpoint.web.Link>> org.springframework.boot.actuate.endpoint.web.servlet.WebMvcEndpointHandlerMapping.links(javax.servlet.http.HttpServletRequest,javax.servlet.http.HttpServletResponse)
2018-05-08 07:10:42.922  INFO Krishnass-MacBook-Pro.local --- [           main] o.s.j.e.a.AnnotationMBeanExporter        : Registering beans for JMX exposure on startup
2018-05-08 07:10:42.947  INFO Krishnass-MacBook-Pro.local --- [           main] o.a.c.h.Http11NioProtocol                : Starting ProtocolHandler ["http-nio-8080"]
2018-05-08 07:10:42.976  INFO Krishnass-MacBook-Pro.local --- [           main] o.a.t.u.n.NioSelectorPool                : Using a shared selector for servlet write/read
2018-05-08 07:10:43.007  INFO Krishnass-MacBook-Pro.local --- [           main] o.s.b.w.e.t.TomcatWebServer              : Tomcat started on port(s): 8080 (http) with context path ''
2018-05-08 07:10:43.014  INFO Krishnass-MacBook-Pro.local --- [           main] c.l.c.FlightSearchApplication            : Started FlightSearchApplication in 5.988 seconds (JVM running for 7.218)
2018-05-08 07:10:51.841  INFO Krishnass-MacBook-Pro.local --- [nio-8080-exec-1] o.a.c.c.C.[.[.[/]                        : Initializing Spring FrameworkServlet 'dispatcherServlet'
2018-05-08 07:10:51.841  INFO Krishnass-MacBook-Pro.local --- [nio-8080-exec-1] o.s.w.s.DispatcherServlet                : FrameworkServlet 'dispatcherServlet': initialization started
2018-05-08 07:10:51.860  INFO Krishnass-MacBook-Pro.local --- [nio-8080-exec-1] o.s.w.s.DispatcherServlet                : FrameworkServlet 'dispatcherServlet': initialization completed in 19 ms
2018-05-08 07:10:57.633  INFO Krishnass-MacBook-Pro.local --- [nio-8080-exec-4] c.l.c.FlightSearchController             : info getAirportNames executedundefined
2018-05-08 07:11:08.192  INFO Krishnass-MacBook-Pro.local --- [nio-8080-exec-6] c.l.c.FlightSearchController             : info getAirportNames executedundefined
2018-05-08 07:11:21.369  INFO Krishnass-MacBook-Pro.local --- [nio-8080-exec-7] c.l.c.FlightSearchController             : info getAirportNames executedundefined
2018-05-08 07:13:26.372  INFO Krishnass-MacBook-Pro.local --- [       Thread-5] ConfigServletWebServerApplicationContext : Closing org.springframework.boot.web.servlet.context.AnnotationConfigServletWebServerApplicationContext@65b3f4a4: startup date [Tue May 08 07:10:37 IST 2018]; root of context hierarchy
2018-05-08 07:13:26.375  INFO Krishnass-MacBook-Pro.local --- [       Thread-5] o.s.j.e.a.AnnotationMBeanExporter        : Unregistering JMX-exposed beans on shutdown
2018-05-08 07:14:14.768  INFO Krishnass-MacBook-Pro.local --- [           main] c.l.c.FlightSearchApplication            : Starting FlightSearchApplication on Krishnass-MacBook-Pro.local with PID 9913 (/Users/krishnasfamily/Documents/GitHub/LUKKIEN_Assignment/build/classes/java/main started by krishnasfamily in /Users/krishnasfamily/Documents/GitHub/LUKKIEN_Assignment)
2018-05-08 07:14:14.774 DEBUG Krishnass-MacBook-Pro.local --- [           main] c.l.c.FlightSearchApplication            : Running with Spring Boot v2.0.1.RELEASE, Spring v5.0.5.RELEASE
2018-05-08 07:14:14.775  INFO Krishnass-MacBook-Pro.local --- [           main] c.l.c.FlightSearchApplication            : No active profile set, falling back to default profiles: default
2018-05-08 07:14:14.886  INFO Krishnass-MacBook-Pro.local --- [           main] ConfigServletWebServerApplicationContext : Refreshing org.springframework.boot.web.servlet.context.AnnotationConfigServletWebServerApplicationContext@2f54a33d: startup date [Tue May 08 07:14:14 IST 2018]; root of context hierarchy
2018-05-08 07:14:18.401  INFO Krishnass-MacBook-Pro.local --- [           main] o.s.b.w.e.t.TomcatWebServer              : Tomcat initialized with port(s): 8080 (http)
2018-05-08 07:14:18.454  INFO Krishnass-MacBook-Pro.local --- [           main] o.a.c.h.Http11NioProtocol                : Initializing ProtocolHandler ["http-nio-8080"]
2018-05-08 07:14:18.475  INFO Krishnass-MacBook-Pro.local --- [           main] o.a.c.c.StandardService                  : Starting service [Tomcat]
2018-05-08 07:14:18.475  INFO Krishnass-MacBook-Pro.local --- [           main] o.a.c.c.StandardEngine                   : Starting Servlet Engine: Apache Tomcat/8.5.29
2018-05-08 07:14:18.494  INFO Krishnass-MacBook-Pro.local --- [ost-startStop-1] o.a.c.c.AprLifecycleListener             : The APR based Apache Tomcat Native library which allows optimal performance in production environments was not found on the java.library.path: [/Users/krishnasfamily/Library/Java/Extensions:/Library/Java/Extensions:/Network/Library/Java/Extensions:/System/Library/Java/Extensions:/usr/lib/java:.]
2018-05-08 07:14:18.921  INFO Krishnass-MacBook-Pro.local --- [ost-startStop-1] o.a.j.s.TldScanner                       : At least one JAR was scanned for TLDs yet contained no TLDs. Enable debug logging for this logger for a complete list of JARs that were scanned but no TLDs were found in them. Skipping unneeded JARs during scanning can improve startup time and JSP compilation time.
2018-05-08 07:14:18.931  INFO Krishnass-MacBook-Pro.local --- [ost-startStop-1] o.a.c.c.C.[.[.[/]                        : Initializing Spring embedded WebApplicationContext
2018-05-08 07:14:18.931  INFO Krishnass-MacBook-Pro.local --- [ost-startStop-1] o.s.w.c.ContextLoader                    : Root WebApplicationContext: initialization completed in 4051 ms
2018-05-08 07:14:20.569  INFO Krishnass-MacBook-Pro.local --- [ost-startStop-1] o.s.b.w.s.ServletRegistrationBean        : Servlet dispatcherServlet mapped to [/]
2018-05-08 07:14:20.576  INFO Krishnass-MacBook-Pro.local --- [ost-startStop-1] o.s.b.w.s.FilterRegistrationBean         : Mapping filter: 'characterEncodingFilter' to: [/*]
2018-05-08 07:14:20.577  INFO Krishnass-MacBook-Pro.local --- [ost-startStop-1] o.s.b.w.s.FilterRegistrationBean         : Mapping filter: 'hiddenHttpMethodFilter' to: [/*]
2018-05-08 07:14:20.577  INFO Krishnass-MacBook-Pro.local --- [ost-startStop-1] o.s.b.w.s.FilterRegistrationBean         : Mapping filter: 'httpPutFormContentFilter' to: [/*]
2018-05-08 07:14:20.577  INFO Krishnass-MacBook-Pro.local --- [ost-startStop-1] o.s.b.w.s.FilterRegistrationBean         : Mapping filter: 'requestContextFilter' to: [/*]
2018-05-08 07:14:20.577  INFO Krishnass-MacBook-Pro.local --- [ost-startStop-1] o.s.b.w.s.FilterRegistrationBean         : Mapping filter: 'httpTraceFilter' to: [/*]
2018-05-08 07:14:20.578  INFO Krishnass-MacBook-Pro.local --- [ost-startStop-1] o.s.b.w.s.FilterRegistrationBean         : Mapping filter: 'webMvcMetricsFilter' to: [/*]
2018-05-08 07:14:20.770  INFO Krishnass-MacBook-Pro.local --- [           main] o.s.w.s.h.SimpleUrlHandlerMapping        : Mapped URL path [/**/favicon.ico] onto handler of type [class org.springframework.web.servlet.resource.ResourceHttpRequestHandler]
2018-05-08 07:14:21.057  INFO Krishnass-MacBook-Pro.local --- [           main] s.w.s.m.m.a.RequestMappingHandlerAdapter : Looking for @ControllerAdvice: org.springframework.boot.web.servlet.context.AnnotationConfigServletWebServerApplicationContext@2f54a33d: startup date [Tue May 08 07:14:14 IST 2018]; root of context hierarchy
2018-05-08 07:14:21.200  INFO Krishnass-MacBook-Pro.local --- [           main] s.w.s.m.m.a.RequestMappingHandlerMapping : Mapped "{[/welcome]}" onto public org.springframework.web.servlet.ModelAndView com.lukkien.controller.FlightSearchController.homePage()
2018-05-08 07:14:21.202  INFO Krishnass-MacBook-Pro.local --- [           main] s.w.s.m.m.a.RequestMappingHandlerMapping : Mapped "{[/getResults],methods=[GET]}" onto public java.util.List<com.lukkien.dto.FlightResultsDto> com.lukkien.controller.FlightSearchController.getResults(com.lukkien.model.Airport,com.lukkien.model.Airport)
2018-05-08 07:14:21.203  INFO Krishnass-MacBook-Pro.local --- [           main] s.w.s.m.m.a.RequestMappingHandlerMapping : Mapped "{[/getAirportNames],methods=[GET || POST]}" onto public java.util.List<java.lang.String> com.lukkien.controller.FlightSearchController.getAirportNames(java.lang.String)
2018-05-08 07:14:21.211  INFO Krishnass-MacBook-Pro.local --- [           main] s.w.s.m.m.a.RequestMappingHandlerMapping : Mapped "{[/error]}" onto public org.springframework.http.ResponseEntity<java.util.Map<java.lang.String, java.lang.Object>> org.springframework.boot.autoconfigure.web.servlet.error.BasicErrorController.error(javax.servlet.http.HttpServletRequest)
2018-05-08 07:14:21.212  INFO Krishnass-MacBook-Pro.local --- [           main] s.w.s.m.m.a.RequestMappingHandlerMapping : Mapped "{[/error],produces=[text/html]}" onto public org.springframework.web.servlet.ModelAndView org.springframework.boot.autoconfigure.web.servlet.error.BasicErrorController.errorHtml(javax.servlet.http.HttpServletRequest,javax.servlet.http.HttpServletResponse)
2018-05-08 07:14:21.265  INFO Krishnass-MacBook-Pro.local --- [           main] o.s.w.s.h.SimpleUrlHandlerMapping        : Mapped URL path [/webjars/**] onto handler of type [class org.springframework.web.servlet.resource.ResourceHttpRequestHandler]
2018-05-08 07:14:21.265  INFO Krishnass-MacBook-Pro.local --- [           main] o.s.w.s.h.SimpleUrlHandlerMapping        : Mapped URL path [/**] onto handler of type [class org.springframework.web.servlet.resource.ResourceHttpRequestHandler]
2018-05-08 07:14:21.936  INFO Krishnass-MacBook-Pro.local --- [           main] o.s.b.a.e.w.EndpointLinksResolver        : Exposing 2 endpoint(s) beneath base path '/actuator'
2018-05-08 07:14:21.960  INFO Krishnass-MacBook-Pro.local --- [           main] s.b.a.e.w.s.WebMvcEndpointHandlerMapping : Mapped "{[/actuator/health],methods=[GET],produces=[application/vnd.spring-boot.actuator.v2+json || application/json]}" onto public java.lang.Object org.springframework.boot.actuate.endpoint.web.servlet.AbstractWebMvcEndpointHandlerMapping$OperationHandler.handle(javax.servlet.http.HttpServletRequest,java.util.Map<java.lang.String, java.lang.String>)
2018-05-08 07:14:21.961  INFO Krishnass-MacBook-Pro.local --- [           main] s.b.a.e.w.s.WebMvcEndpointHandlerMapping : Mapped "{[/actuator/info],methods=[GET],produces=[application/vnd.spring-boot.actuator.v2+json || application/json]}" onto public java.lang.Object org.springframework.boot.actuate.endpoint.web.servlet.AbstractWebMvcEndpointHandlerMapping$OperationHandler.handle(javax.servlet.http.HttpServletRequest,java.util.Map<java.lang.String, java.lang.String>)
2018-05-08 07:14:21.963  INFO Krishnass-MacBook-Pro.local --- [           main] s.b.a.e.w.s.WebMvcEndpointHandlerMapping : Mapped "{[/actuator],methods=[GET],produces=[application/vnd.spring-boot.actuator.v2+json || application/json]}" onto protected java.util.Map<java.lang.String, java.util.Map<java.lang.String, org.springframework.boot.actuate.endpoint.web.Link>> org.springframework.boot.actuate.endpoint.web.servlet.WebMvcEndpointHandlerMapping.links(javax.servlet.http.HttpServletRequest,javax.servlet.http.HttpServletResponse)
2018-05-08 07:14:22.084  INFO Krishnass-MacBook-Pro.local --- [           main] o.s.j.e.a.AnnotationMBeanExporter        : Registering beans for JMX exposure on startup
2018-05-08 07:14:22.117  INFO Krishnass-MacBook-Pro.local --- [           main] o.a.c.h.Http11NioProtocol                : Starting ProtocolHandler ["http-nio-8080"]
2018-05-08 07:14:22.156  INFO Krishnass-MacBook-Pro.local --- [           main] o.a.t.u.n.NioSelectorPool                : Using a shared selector for servlet write/read
2018-05-08 07:14:22.219  INFO Krishnass-MacBook-Pro.local --- [           main] o.s.b.w.e.t.TomcatWebServer              : Tomcat started on port(s): 8080 (http) with context path ''
2018-05-08 07:14:22.229  INFO Krishnass-MacBook-Pro.local --- [           main] c.l.c.FlightSearchApplication            : Started FlightSearchApplication in 8.329 seconds (JVM running for 9.815)
2018-05-08 07:14:22.917  INFO Krishnass-MacBook-Pro.local --- [nio-8080-exec-1] o.a.c.c.C.[.[.[/]                        : Initializing Spring FrameworkServlet 'dispatcherServlet'
2018-05-08 07:14:22.917  INFO Krishnass-MacBook-Pro.local --- [nio-8080-exec-1] o.s.w.s.DispatcherServlet                : FrameworkServlet 'dispatcherServlet': initialization started
2018-05-08 07:14:22.967  INFO Krishnass-MacBook-Pro.local --- [nio-8080-exec-1] o.s.w.s.DispatcherServlet                : FrameworkServlet 'dispatcherServlet': initialization completed in 50 ms
2018-05-08 07:14:26.531  INFO Krishnass-MacBook-Pro.local --- [nio-8080-exec-4] c.l.c.FlightSearchController             : info getAirportNames executedundefined
2018-05-08 07:14:58.513  INFO Krishnass-MacBook-Pro.local --- [       Thread-3] ConfigServletWebServerApplicationContext : Closing org.springframework.boot.web.servlet.context.AnnotationConfigServletWebServerApplicationContext@2f54a33d: startup date [Tue May 08 07:14:14 IST 2018]; root of context hierarchy
2018-05-08 07:14:58.519  INFO Krishnass-MacBook-Pro.local --- [       Thread-3] o.s.j.e.a.AnnotationMBeanExporter        : Unregistering JMX-exposed beans on shutdown
2018-05-08 07:23:49.196  INFO Krishnass-MacBook-Pro.local --- [           main] c.l.c.FlightSearchApplication            : Starting FlightSearchApplication on Krishnass-MacBook-Pro.local with PID 10348 (/Users/krishnasfamily/Documents/GitHub/LUKKIEN_Assignment/build/classes/java/main started by krishnasfamily in /Users/krishnasfamily/Documents/GitHub/LUKKIEN_Assignment)
2018-05-08 07:23:49.201 DEBUG Krishnass-MacBook-Pro.local --- [           main] c.l.c.FlightSearchApplication            : Running with Spring Boot v2.0.1.RELEASE, Spring v5.0.5.RELEASE
2018-05-08 07:23:49.202  INFO Krishnass-MacBook-Pro.local --- [           main] c.l.c.FlightSearchApplication            : No active profile set, falling back to default profiles: default
2018-05-08 07:23:49.289  INFO Krishnass-MacBook-Pro.local --- [           main] ConfigServletWebServerApplicationContext : Refreshing org.springframework.boot.web.servlet.context.AnnotationConfigServletWebServerApplicationContext@fa36558: startup date [Tue May 08 07:23:49 IST 2018]; root of context hierarchy
2018-05-08 07:23:51.981  INFO Krishnass-MacBook-Pro.local --- [           main] o.s.b.w.e.t.TomcatWebServer              : Tomcat initialized with port(s): 8080 (http)
2018-05-08 07:23:52.012  INFO Krishnass-MacBook-Pro.local --- [           main] o.a.c.h.Http11NioProtocol                : Initializing ProtocolHandler ["http-nio-8080"]
2018-05-08 07:23:52.026  INFO Krishnass-MacBook-Pro.local --- [           main] o.a.c.c.StandardService                  : Starting service [Tomcat]
2018-05-08 07:23:52.026  INFO Krishnass-MacBook-Pro.local --- [           main] o.a.c.c.StandardEngine                   : Starting Servlet Engine: Apache Tomcat/8.5.29
2018-05-08 07:23:52.040  INFO Krishnass-MacBook-Pro.local --- [ost-startStop-1] o.a.c.c.AprLifecycleListener             : The APR based Apache Tomcat Native library which allows optimal performance in production environments was not found on the java.library.path: [/Users/krishnasfamily/Library/Java/Extensions:/Library/Java/Extensions:/Network/Library/Java/Extensions:/System/Library/Java/Extensions:/usr/lib/java:.]
2018-05-08 07:23:52.350  INFO Krishnass-MacBook-Pro.local --- [ost-startStop-1] o.a.j.s.TldScanner                       : At least one JAR was scanned for TLDs yet contained no TLDs. Enable debug logging for this logger for a complete list of JARs that were scanned but no TLDs were found in them. Skipping unneeded JARs during scanning can improve startup time and JSP compilation time.
2018-05-08 07:23:52.359  INFO Krishnass-MacBook-Pro.local --- [ost-startStop-1] o.a.c.c.C.[.[.[/]                        : Initializing Spring embedded WebApplicationContext
2018-05-08 07:23:52.360  INFO Krishnass-MacBook-Pro.local --- [ost-startStop-1] o.s.w.c.ContextLoader                    : Root WebApplicationContext: initialization completed in 3080 ms
2018-05-08 07:23:53.571  INFO Krishnass-MacBook-Pro.local --- [ost-startStop-1] o.s.b.w.s.ServletRegistrationBean        : Servlet dispatcherServlet mapped to [/]
2018-05-08 07:23:53.578  INFO Krishnass-MacBook-Pro.local --- [ost-startStop-1] o.s.b.w.s.FilterRegistrationBean         : Mapping filter: 'characterEncodingFilter' to: [/*]
2018-05-08 07:23:53.578  INFO Krishnass-MacBook-Pro.local --- [ost-startStop-1] o.s.b.w.s.FilterRegistrationBean         : Mapping filter: 'hiddenHttpMethodFilter' to: [/*]
2018-05-08 07:23:53.578  INFO Krishnass-MacBook-Pro.local --- [ost-startStop-1] o.s.b.w.s.FilterRegistrationBean         : Mapping filter: 'httpPutFormContentFilter' to: [/*]
2018-05-08 07:23:53.578  INFO Krishnass-MacBook-Pro.local --- [ost-startStop-1] o.s.b.w.s.FilterRegistrationBean         : Mapping filter: 'requestContextFilter' to: [/*]
2018-05-08 07:23:53.579  INFO Krishnass-MacBook-Pro.local --- [ost-startStop-1] o.s.b.w.s.FilterRegistrationBean         : Mapping filter: 'httpTraceFilter' to: [/*]
2018-05-08 07:23:53.579  INFO Krishnass-MacBook-Pro.local --- [ost-startStop-1] o.s.b.w.s.FilterRegistrationBean         : Mapping filter: 'webMvcMetricsFilter' to: [/*]
2018-05-08 07:23:53.722  INFO Krishnass-MacBook-Pro.local --- [           main] o.s.w.s.h.SimpleUrlHandlerMapping        : Mapped URL path [/**/favicon.ico] onto handler of type [class org.springframework.web.servlet.resource.ResourceHttpRequestHandler]
2018-05-08 07:23:54.008  INFO Krishnass-MacBook-Pro.local --- [           main] s.w.s.m.m.a.RequestMappingHandlerAdapter : Looking for @ControllerAdvice: org.springframework.boot.web.servlet.context.AnnotationConfigServletWebServerApplicationContext@fa36558: startup date [Tue May 08 07:23:49 IST 2018]; root of context hierarchy
2018-05-08 07:23:54.110  INFO Krishnass-MacBook-Pro.local --- [           main] s.w.s.m.m.a.RequestMappingHandlerMapping : Mapped "{[/welcome]}" onto public org.springframework.web.servlet.ModelAndView com.lukkien.controller.FlightSearchController.homePage()
2018-05-08 07:23:54.112  INFO Krishnass-MacBook-Pro.local --- [           main] s.w.s.m.m.a.RequestMappingHandlerMapping : Mapped "{[/getResults],methods=[GET]}" onto public java.util.List<com.lukkien.dto.FlightResultsDto> com.lukkien.controller.FlightSearchController.getResults(com.lukkien.model.Airport,com.lukkien.model.Airport)
2018-05-08 07:23:54.113  INFO Krishnass-MacBook-Pro.local --- [           main] s.w.s.m.m.a.RequestMappingHandlerMapping : Mapped "{[/getAirportNames],methods=[GET || POST]}" onto public java.util.List<com.lukkien.model.Airport> com.lukkien.controller.FlightSearchController.getAirportNames(java.lang.String)
2018-05-08 07:23:54.119  INFO Krishnass-MacBook-Pro.local --- [           main] s.w.s.m.m.a.RequestMappingHandlerMapping : Mapped "{[/error]}" onto public org.springframework.http.ResponseEntity<java.util.Map<java.lang.String, java.lang.Object>> org.springframework.boot.autoconfigure.web.servlet.error.BasicErrorController.error(javax.servlet.http.HttpServletRequest)
2018-05-08 07:23:54.120  INFO Krishnass-MacBook-Pro.local --- [           main] s.w.s.m.m.a.RequestMappingHandlerMapping : Mapped "{[/error],produces=[text/html]}" onto public org.springframework.web.servlet.ModelAndView org.springframework.boot.autoconfigure.web.servlet.error.BasicErrorController.errorHtml(javax.servlet.http.HttpServletRequest,javax.servlet.http.HttpServletResponse)
2018-05-08 07:23:54.161  INFO Krishnass-MacBook-Pro.local --- [           main] o.s.w.s.h.SimpleUrlHandlerMapping        : Mapped URL path [/webjars/**] onto handler of type [class org.springframework.web.servlet.resource.ResourceHttpRequestHandler]
2018-05-08 07:23:54.162  INFO Krishnass-MacBook-Pro.local --- [           main] o.s.w.s.h.SimpleUrlHandlerMapping        : Mapped URL path [/**] onto handler of type [class org.springframework.web.servlet.resource.ResourceHttpRequestHandler]
2018-05-08 07:23:54.569  INFO Krishnass-MacBook-Pro.local --- [           main] o.s.b.a.e.w.EndpointLinksResolver        : Exposing 2 endpoint(s) beneath base path '/actuator'
2018-05-08 07:23:54.587  INFO Krishnass-MacBook-Pro.local --- [           main] s.b.a.e.w.s.WebMvcEndpointHandlerMapping : Mapped "{[/actuator/health],methods=[GET],produces=[application/vnd.spring-boot.actuator.v2+json || application/json]}" onto public java.lang.Object org.springframework.boot.actuate.endpoint.web.servlet.AbstractWebMvcEndpointHandlerMapping$OperationHandler.handle(javax.servlet.http.HttpServletRequest,java.util.Map<java.lang.String, java.lang.String>)
2018-05-08 07:23:54.588  INFO Krishnass-MacBook-Pro.local --- [           main] s.b.a.e.w.s.WebMvcEndpointHandlerMapping : Mapped "{[/actuator/info],methods=[GET],produces=[application/vnd.spring-boot.actuator.v2+json || application/json]}" onto public java.lang.Object org.springframework.boot.actuate.endpoint.web.servlet.AbstractWebMvcEndpointHandlerMapping$OperationHandler.handle(javax.servlet.http.HttpServletRequest,java.util.Map<java.lang.String, java.lang.String>)
2018-05-08 07:23:54.590  INFO Krishnass-MacBook-Pro.local --- [           main] s.b.a.e.w.s.WebMvcEndpointHandlerMapping : Mapped "{[/actuator],methods=[GET],produces=[application/vnd.spring-boot.actuator.v2+json || application/json]}" onto protected java.util.Map<java.lang.String, java.util.Map<java.lang.String, org.springframework.boot.actuate.endpoint.web.Link>> org.springframework.boot.actuate.endpoint.web.servlet.WebMvcEndpointHandlerMapping.links(javax.servlet.http.HttpServletRequest,javax.servlet.http.HttpServletResponse)
2018-05-08 07:23:54.670  INFO Krishnass-MacBook-Pro.local --- [           main] o.s.j.e.a.AnnotationMBeanExporter        : Registering beans for JMX exposure on startup
2018-05-08 07:23:54.700  INFO Krishnass-MacBook-Pro.local --- [           main] o.a.c.h.Http11NioProtocol                : Starting ProtocolHandler ["http-nio-8080"]
2018-05-08 07:23:54.735  INFO Krishnass-MacBook-Pro.local --- [           main] o.a.t.u.n.NioSelectorPool                : Using a shared selector for servlet write/read
2018-05-08 07:23:54.805  INFO Krishnass-MacBook-Pro.local --- [           main] o.s.b.w.e.t.TomcatWebServer              : Tomcat started on port(s): 8080 (http) with context path ''
2018-05-08 07:23:54.810  INFO Krishnass-MacBook-Pro.local --- [           main] c.l.c.FlightSearchApplication            : Started FlightSearchApplication in 6.065 seconds (JVM running for 7.223)
2018-05-08 07:23:59.726  INFO Krishnass-MacBook-Pro.local --- [nio-8080-exec-1] o.a.c.c.C.[.[.[/]                        : Initializing Spring FrameworkServlet 'dispatcherServlet'
2018-05-08 07:23:59.726  INFO Krishnass-MacBook-Pro.local --- [nio-8080-exec-1] o.s.w.s.DispatcherServlet                : FrameworkServlet 'dispatcherServlet': initialization started
2018-05-08 07:23:59.753  INFO Krishnass-MacBook-Pro.local --- [nio-8080-exec-1] o.s.w.s.DispatcherServlet                : FrameworkServlet 'dispatcherServlet': initialization completed in 26 ms
2018-05-08 07:24:06.411  INFO Krishnass-MacBook-Pro.local --- [nio-8080-exec-4] c.l.c.FlightSearchController             : info getAirportNames executedundefined
2018-05-08 07:24:06.477  WARN Krishnass-MacBook-Pro.local --- [nio-8080-exec-4] .w.s.m.s.DefaultHandlerExceptionResolver : Failed to write HTTP message: org.springframework.http.converter.HttpMessageNotWritableException: Could not write JSON: Problem with definition of [AnnotedClass com.lukkien.model.Airport]: Multiple 'as-value' properties defined ([method com.lukkien.model.Airport#getIataCode(0 params)] vs [method com.lukkien.model.Airport#getAirportName(0 params)]); nested exception is com.fasterxml.jackson.databind.JsonMappingException: Problem with definition of [AnnotedClass com.lukkien.model.Airport]: Multiple 'as-value' properties defined ([method com.lukkien.model.Airport#getIataCode(0 params)] vs [method com.lukkien.model.Airport#getAirportName(0 params)]) (through reference chain: java.util.ArrayList[0])
2018-05-08 07:25:35.550  INFO Krishnass-MacBook-Pro.local --- [nio-8080-exec-7] c.l.c.FlightSearchController             : info getAirportNames executedundefined
2018-05-08 07:25:35.558  WARN Krishnass-MacBook-Pro.local --- [nio-8080-exec-7] .w.s.m.s.DefaultHandlerExceptionResolver : Failed to write HTTP message: org.springframework.http.converter.HttpMessageNotWritableException: Could not write JSON: Problem with definition of [AnnotedClass com.lukkien.model.Airport]: Multiple 'as-value' properties defined ([method com.lukkien.model.Airport#getIataCode(0 params)] vs [method com.lukkien.model.Airport#getAirportName(0 params)]); nested exception is com.fasterxml.jackson.databind.JsonMappingException: Problem with definition of [AnnotedClass com.lukkien.model.Airport]: Multiple 'as-value' properties defined ([method com.lukkien.model.Airport#getIataCode(0 params)] vs [method com.lukkien.model.Airport#getAirportName(0 params)]) (through reference chain: java.util.ArrayList[0])
2018-05-08 07:31:03.457  INFO Krishnass-MacBook-Pro.local --- [       Thread-5] ConfigServletWebServerApplicationContext : Closing org.springframework.boot.web.servlet.context.AnnotationConfigServletWebServerApplicationContext@fa36558: startup date [Tue May 08 07:23:49 IST 2018]; root of context hierarchy
2018-05-08 07:31:03.461  INFO Krishnass-MacBook-Pro.local --- [       Thread-5] o.s.j.e.a.AnnotationMBeanExporter        : Unregistering JMX-exposed beans on shutdown
2018-05-08 07:31:14.048  INFO Krishnass-MacBook-Pro.local --- [           main] c.l.c.FlightSearchApplication            : Starting FlightSearchApplication on Krishnass-MacBook-Pro.local with PID 10633 (/Users/krishnasfamily/Documents/GitHub/LUKKIEN_Assignment/build/classes/java/main started by krishnasfamily in /Users/krishnasfamily/Documents/GitHub/LUKKIEN_Assignment)
2018-05-08 07:31:14.060 DEBUG Krishnass-MacBook-Pro.local --- [           main] c.l.c.FlightSearchApplication            : Running with Spring Boot v2.0.1.RELEASE, Spring v5.0.5.RELEASE
2018-05-08 07:31:14.064  INFO Krishnass-MacBook-Pro.local --- [           main] c.l.c.FlightSearchApplication            : No active profile set, falling back to default profiles: default
2018-05-08 07:31:14.216  INFO Krishnass-MacBook-Pro.local --- [           main] ConfigServletWebServerApplicationContext : Refreshing org.springframework.boot.web.servlet.context.AnnotationConfigServletWebServerApplicationContext@32910148: startup date [Tue May 08 07:31:14 IST 2018]; root of context hierarchy
2018-05-08 07:31:16.595  INFO Krishnass-MacBook-Pro.local --- [           main] o.s.b.w.e.t.TomcatWebServer              : Tomcat initialized with port(s): 8080 (http)
2018-05-08 07:31:16.632  INFO Krishnass-MacBook-Pro.local --- [           main] o.a.c.h.Http11NioProtocol                : Initializing ProtocolHandler ["http-nio-8080"]
2018-05-08 07:31:16.650  INFO Krishnass-MacBook-Pro.local --- [           main] o.a.c.c.StandardService                  : Starting service [Tomcat]
2018-05-08 07:31:16.651  INFO Krishnass-MacBook-Pro.local --- [           main] o.a.c.c.StandardEngine                   : Starting Servlet Engine: Apache Tomcat/8.5.29
2018-05-08 07:31:16.666  INFO Krishnass-MacBook-Pro.local --- [ost-startStop-1] o.a.c.c.AprLifecycleListener             : The APR based Apache Tomcat Native library which allows optimal performance in production environments was not found on the java.library.path: [/Users/krishnasfamily/Library/Java/Extensions:/Library/Java/Extensions:/Network/Library/Java/Extensions:/System/Library/Java/Extensions:/usr/lib/java:.]
2018-05-08 07:31:16.920  INFO Krishnass-MacBook-Pro.local --- [ost-startStop-1] o.a.j.s.TldScanner                       : At least one JAR was scanned for TLDs yet contained no TLDs. Enable debug logging for this logger for a complete list of JARs that were scanned but no TLDs were found in them. Skipping unneeded JARs during scanning can improve startup time and JSP compilation time.
2018-05-08 07:31:16.924  INFO Krishnass-MacBook-Pro.local --- [ost-startStop-1] o.a.c.c.C.[.[.[/]                        : Initializing Spring embedded WebApplicationContext
2018-05-08 07:31:16.924  INFO Krishnass-MacBook-Pro.local --- [ost-startStop-1] o.s.w.c.ContextLoader                    : Root WebApplicationContext: initialization completed in 2712 ms
2018-05-08 07:31:17.884  INFO Krishnass-MacBook-Pro.local --- [ost-startStop-1] o.s.b.w.s.ServletRegistrationBean        : Servlet dispatcherServlet mapped to [/]
2018-05-08 07:31:17.889  INFO Krishnass-MacBook-Pro.local --- [ost-startStop-1] o.s.b.w.s.FilterRegistrationBean         : Mapping filter: 'characterEncodingFilter' to: [/*]
2018-05-08 07:31:17.890  INFO Krishnass-MacBook-Pro.local --- [ost-startStop-1] o.s.b.w.s.FilterRegistrationBean         : Mapping filter: 'hiddenHttpMethodFilter' to: [/*]
2018-05-08 07:31:17.890  INFO Krishnass-MacBook-Pro.local --- [ost-startStop-1] o.s.b.w.s.FilterRegistrationBean         : Mapping filter: 'httpPutFormContentFilter' to: [/*]
2018-05-08 07:31:17.890  INFO Krishnass-MacBook-Pro.local --- [ost-startStop-1] o.s.b.w.s.FilterRegistrationBean         : Mapping filter: 'requestContextFilter' to: [/*]
2018-05-08 07:31:17.890  INFO Krishnass-MacBook-Pro.local --- [ost-startStop-1] o.s.b.w.s.FilterRegistrationBean         : Mapping filter: 'httpTraceFilter' to: [/*]
2018-05-08 07:31:17.891  INFO Krishnass-MacBook-Pro.local --- [ost-startStop-1] o.s.b.w.s.FilterRegistrationBean         : Mapping filter: 'webMvcMetricsFilter' to: [/*]
2018-05-08 07:31:18.046  INFO Krishnass-MacBook-Pro.local --- [           main] o.s.w.s.h.SimpleUrlHandlerMapping        : Mapped URL path [/**/favicon.ico] onto handler of type [class org.springframework.web.servlet.resource.ResourceHttpRequestHandler]
2018-05-08 07:31:18.294  INFO Krishnass-MacBook-Pro.local --- [           main] s.w.s.m.m.a.RequestMappingHandlerAdapter : Looking for @ControllerAdvice: org.springframework.boot.web.servlet.context.AnnotationConfigServletWebServerApplicationContext@32910148: startup date [Tue May 08 07:31:14 IST 2018]; root of context hierarchy
2018-05-08 07:31:18.399  INFO Krishnass-MacBook-Pro.local --- [           main] s.w.s.m.m.a.RequestMappingHandlerMapping : Mapped "{[/welcome]}" onto public org.springframework.web.servlet.ModelAndView com.lukkien.controller.FlightSearchController.homePage()
2018-05-08 07:31:18.400  INFO Krishnass-MacBook-Pro.local --- [           main] s.w.s.m.m.a.RequestMappingHandlerMapping : Mapped "{[/getResults],methods=[GET]}" onto public java.util.List<com.lukkien.dto.FlightResultsDto> com.lukkien.controller.FlightSearchController.getResults(com.lukkien.model.Airport,com.lukkien.model.Airport)
2018-05-08 07:31:18.401  INFO Krishnass-MacBook-Pro.local --- [           main] s.w.s.m.m.a.RequestMappingHandlerMapping : Mapped "{[/getAirportNames],methods=[GET || POST]}" onto public java.util.List<com.lukkien.model.Airport> com.lukkien.controller.FlightSearchController.getAirportNames(java.lang.String)
2018-05-08 07:31:18.405  INFO Krishnass-MacBook-Pro.local --- [           main] s.w.s.m.m.a.RequestMappingHandlerMapping : Mapped "{[/error]}" onto public org.springframework.http.ResponseEntity<java.util.Map<java.lang.String, java.lang.Object>> org.springframework.boot.autoconfigure.web.servlet.error.BasicErrorController.error(javax.servlet.http.HttpServletRequest)
2018-05-08 07:31:18.406  INFO Krishnass-MacBook-Pro.local --- [           main] s.w.s.m.m.a.RequestMappingHandlerMapping : Mapped "{[/error],produces=[text/html]}" onto public org.springframework.web.servlet.ModelAndView org.springframework.boot.autoconfigure.web.servlet.error.BasicErrorController.errorHtml(javax.servlet.http.HttpServletRequest,javax.servlet.http.HttpServletResponse)
2018-05-08 07:31:18.440  INFO Krishnass-MacBook-Pro.local --- [           main] o.s.w.s.h.SimpleUrlHandlerMapping        : Mapped URL path [/webjars/**] onto handler of type [class org.springframework.web.servlet.resource.ResourceHttpRequestHandler]
2018-05-08 07:31:18.440  INFO Krishnass-MacBook-Pro.local --- [           main] o.s.w.s.h.SimpleUrlHandlerMapping        : Mapped URL path [/**] onto handler of type [class org.springframework.web.servlet.resource.ResourceHttpRequestHandler]
2018-05-08 07:31:19.082  INFO Krishnass-MacBook-Pro.local --- [           main] o.s.b.a.e.w.EndpointLinksResolver        : Exposing 2 endpoint(s) beneath base path '/actuator'
2018-05-08 07:31:19.100  INFO Krishnass-MacBook-Pro.local --- [           main] s.b.a.e.w.s.WebMvcEndpointHandlerMapping : Mapped "{[/actuator/health],methods=[GET],produces=[application/vnd.spring-boot.actuator.v2+json || application/json]}" onto public java.lang.Object org.springframework.boot.actuate.endpoint.web.servlet.AbstractWebMvcEndpointHandlerMapping$OperationHandler.handle(javax.servlet.http.HttpServletRequest,java.util.Map<java.lang.String, java.lang.String>)
2018-05-08 07:31:19.101  INFO Krishnass-MacBook-Pro.local --- [           main] s.b.a.e.w.s.WebMvcEndpointHandlerMapping : Mapped "{[/actuator/info],methods=[GET],produces=[application/vnd.spring-boot.actuator.v2+json || application/json]}" onto public java.lang.Object org.springframework.boot.actuate.endpoint.web.servlet.AbstractWebMvcEndpointHandlerMapping$OperationHandler.handle(javax.servlet.http.HttpServletRequest,java.util.Map<java.lang.String, java.lang.String>)
2018-05-08 07:31:19.103  INFO Krishnass-MacBook-Pro.local --- [           main] s.b.a.e.w.s.WebMvcEndpointHandlerMapping : Mapped "{[/actuator],methods=[GET],produces=[application/vnd.spring-boot.actuator.v2+json || application/json]}" onto protected java.util.Map<java.lang.String, java.util.Map<java.lang.String, org.springframework.boot.actuate.endpoint.web.Link>> org.springframework.boot.actuate.endpoint.web.servlet.WebMvcEndpointHandlerMapping.links(javax.servlet.http.HttpServletRequest,javax.servlet.http.HttpServletResponse)
2018-05-08 07:31:19.190  INFO Krishnass-MacBook-Pro.local --- [           main] o.s.j.e.a.AnnotationMBeanExporter        : Registering beans for JMX exposure on startup
2018-05-08 07:31:19.221  INFO Krishnass-MacBook-Pro.local --- [           main] o.a.c.h.Http11NioProtocol                : Starting ProtocolHandler ["http-nio-8080"]
2018-05-08 07:31:19.262  INFO Krishnass-MacBook-Pro.local --- [           main] o.a.t.u.n.NioSelectorPool                : Using a shared selector for servlet write/read
2018-05-08 07:31:19.296  INFO Krishnass-MacBook-Pro.local --- [           main] o.s.b.w.e.t.TomcatWebServer              : Tomcat started on port(s): 8080 (http) with context path ''
2018-05-08 07:31:19.304  INFO Krishnass-MacBook-Pro.local --- [           main] c.l.c.FlightSearchApplication            : Started FlightSearchApplication in 5.699 seconds (JVM running for 6.944)
2018-05-08 07:31:22.645  INFO Krishnass-MacBook-Pro.local --- [nio-8080-exec-2] o.a.c.c.C.[.[.[/]                        : Initializing Spring FrameworkServlet 'dispatcherServlet'
2018-05-08 07:31:22.645  INFO Krishnass-MacBook-Pro.local --- [nio-8080-exec-2] o.s.w.s.DispatcherServlet                : FrameworkServlet 'dispatcherServlet': initialization started
2018-05-08 07:31:22.712  INFO Krishnass-MacBook-Pro.local --- [nio-8080-exec-2] o.s.w.s.DispatcherServlet                : FrameworkServlet 'dispatcherServlet': initialization completed in 66 ms
2018-05-08 07:31:22.797  INFO Krishnass-MacBook-Pro.local --- [nio-8080-exec-1] c.l.c.FlightSearchController             : info getAirportNames executedundefined
2018-05-08 07:31:26.186  INFO Krishnass-MacBook-Pro.local --- [nio-8080-exec-5] c.l.c.FlightSearchController             : info getAirportNames executedundefined
2018-05-08 07:31:27.443  INFO Krishnass-MacBook-Pro.local --- [nio-8080-exec-6] c.l.c.FlightSearchController             : info getAirportNames executedundefined
2018-05-08 07:31:29.438  INFO Krishnass-MacBook-Pro.local --- [nio-8080-exec-7] c.l.c.FlightSearchController             : info getAirportNames executedundefined
2018-05-08 07:31:30.279  INFO Krishnass-MacBook-Pro.local --- [nio-8080-exec-8] c.l.c.FlightSearchController             : info getAirportNames executedundefined
